Catkin project directory: /home/floribot/floribot_ws/src/fre2017optimised
-- Using CATKIN_DEVEL_PREFIX: /home/floribot/floribot_ws/devel
-- Using CMAKE_PREFIX_PATH: /home/floribot/floribot_ws/devel;/opt/ros/kinetic
-- This workspace overlays: /home/floribot/floribot_ws/devel;/opt/ros/kinetic
-- Using PYTHON_EXECUTABLE: /usr/bin/python
-- Using Debian Python package layout
-- Using empy: /usr/bin/empy
-- Using CATKIN_ENABLE_TESTING: ON
-- Call enable_testing()
-- Using CATKIN_TEST_RESULTS_DIR: /home/floribot/floribot_ws/build/test_results
-- Found gtest sources under '/usr/src/gtest': gtests will be built
-- Using Python nosetests: /usr/bin/nosetests-2.7
-- catkin 0.7.6
-- BUILD_SHARED_LIBS is on
-- ~~~~~~~~~~~~~~~~~~~~~~~~~~~~~~~~~~~~~~~~~~~~~~~~~
-- ~~  traversing 6 packages in topological order:
-- ~~  - base
-- ~~  - floribot_engines
-- ~~  - floribot_robot
-- ~~  - fre2017optimised
-- ~~  - camera_package
-- ~~  - floribot_tf2
-- ~~~~~~~~~~~~~~~~~~~~~~~~~~~~~~~~~~~~~~~~~~~~~~~~~
-- +++ processing catkin package: 'base'
-- ==> add_subdirectory(base)
-- Using these message generators: gencpp;geneus;genlisp;gennodejs;genpy
-- +++ processing catkin package: 'floribot_engines'
-- ==> add_subdirectory(floribot_engines)
-- Using these message generators: gencpp;geneus;genlisp;gennodejs;genpy
-- floribot_engines: 2 messages, 1 services
CMake Warning at /opt/ros/kinetic/share/catkin/cmake/catkin_package.cmake:166 (message):
  catkin_package() DEPENDS on 'phidget21' but neither
  'phidget21_INCLUDE_DIRS' nor 'phidget21_LIBRARIES' is defined.
Call Stack (most recent call first):
  /opt/ros/kinetic/share/catkin/cmake/catkin_package.cmake:102 (_catkin_package)
  floribot_engines/CMakeLists.txt:82 (catkin_package)


-- +++ processing catkin package: 'floribot_robot'
-- ==> add_subdirectory(floribot_robot)
-- +++ processing catkin package: 'fre2017optimised'
-- ==> add_subdirectory(fre2017optimised)
-- +++ processing catkin package: 'camera_package'
-- ==> add_subdirectory(camera_package)
-- +++ processing catkin package: 'floribot_tf2'
-- ==> add_subdirectory(floribot_tf2)
-- Using these message generators: gencpp;geneus;genlisp;gennodejs;genpy
-- Configuring done
-- Generating done
-- Build files have been written to: /home/floribot/floribot_ws/build
Scanning dependencies of target sensor_msgs_generate_messages_cpp
[  0%] Built target rosgraph_msgs_generate_messages_py
[  0%] Built target rosgraph_msgs_generate_messages_eus
[  0%] Built target sensor_msgs_generate_messages_cpp
[  0%] Built target roscpp_generate_messages_py
[  0%] Built target rosgraph_msgs_generate_messages_lisp
[  0%] Built target roscpp_generate_messages_nodejs
[  0%] Built target roscpp_generate_messages_lisp
[  0%] Built target std_msgs_generate_messages_eus
[  0%] Built target geometry_msgs_generate_messages_py
[  0%] Built target rosgraph_msgs_generate_messages_cpp
[  0%] Built target std_msgs_generate_messages_cpp
[  0%] Built target geometry_msgs_generate_messages_cpp
[  0%] Built target std_msgs_generate_messages_py
[  0%] Built target std_msgs_generate_messages_lisp
[  0%] Built target geometry_msgs_generate_messages_lisp
[  0%] Built target geometry_msgs_generate_messages_nodejs
[  0%] Built target std_msgs_generate_messages_nodejs
[  0%] Built target roscpp_generate_messages_eus
[  0%] Built target rosgraph_msgs_generate_messages_nodejs
Scanning dependencies of target sensor_msgs_generate_messages_py
Scanning dependencies of target sensor_msgs_generate_messages_eus
[  0%] Built target geometry_msgs_generate_messages_eus
[  0%] Built target roscpp_generate_messages_cpp
[  0%] Built target sensor_msgs_generate_messages_py
Scanning dependencies of target sensor_msgs_generate_messages_nodejs
Scanning dependencies of target sensor_msgs_generate_messages_lisp
[  0%] Built target sensor_msgs_generate_messages_eus
[  0%] Built target sensor_msgs_generate_messages_nodejs
[  0%] Built target sensor_msgs_generate_messages_lisp
Scanning dependencies of target fre2017optimised_node
[ 30%] Building CXX object fre2017optimised/CMakeFiles/fre2017optimised_node.dir/ert_main.cpp.o
[ 30%] Building C object fre2017optimised/CMakeFiles/fre2017optimised_node.dir/rtiostream_interface.c.o
[ 30%] Building CXX object fre2017optimised/CMakeFiles/fre2017optimised_node.dir/fre2017optimised_data.cpp.o
[ 40%] Building CXX object fre2017optimised/CMakeFiles/fre2017optimised_node.dir/fre2017optimised.cpp.o
/home/floribot/floribot_ws/src/fre2017optimised/rtiostream_interface.c:29:30: fatal error: rtiostream_utils.h: No such file or directory
compilation terminated.
fre2017optimised/CMakeFiles/fre2017optimised_node.dir/build.make:137: recipe for target 'fre2017optimised/CMakeFiles/fre2017optimised_node.dir/rtiostream_interface.c.o' failed
make[3]: *** [fre2017optimised/CMakeFiles/fre2017optimised_node.dir/rtiostream_interface.c.o] Error 1
make[3]: *** Waiting for unfinished jobs....
In file included from /home/floribot/floribot_ws/src/fre2017optimised/ert_main.cpp:25:0:
/home/floribot/floribot_ws/src/fre2017optimised/linuxinitialize.h:4:0: warning: "_GNU_SOURCE" redefined
 #define _GNU_SOURCE
 ^
<command-line>:0:0: note: this is the location of the previous definition
CMakeFiles/Makefile2:2384: recipe for target 'fre2017optimised/CMakeFiles/fre2017optimised_node.dir/all' failed
make[2]: *** [fre2017optimised/CMakeFiles/fre2017optimised_node.dir/all] Error 2
CMakeFiles/Makefile2:2396: recipe for target 'fre2017optimised/CMakeFiles/fre2017optimised_node.dir/rule' failed
make[1]: *** [fre2017optimised/CMakeFiles/fre2017optimised_node.dir/rule] Error 2
Makefile:1005: recipe for target 'fre2017optimised_node' failed
make: *** [fre2017optimised_node] Error 2
Base path: /home/floribot/floribot_ws
Source space: /home/floribot/floribot_ws/src
Build space: /home/floribot/floribot_ws/build
Devel space: /home/floribot/floribot_ws/devel
Install space: /home/floribot/floribot_ws/install
####
#### Running command: "cmake /home/floribot/floribot_ws/src -DCATKIN_DEVEL_PREFIX=/home/floribot/floribot_ws/devel -DCMAKE_INSTALL_PREFIX=/home/floribot/floribot_ws/install -G Unix Makefiles" in "/home/floribot/floribot_ws/build"
####
####
#### Running command: "make fre2017optimised_node -j4 -l4" in "/home/floribot/floribot_ws/build"
####
Invoking "make fre2017optimised_node -j4 -l4" failed
